[27-Mar-2025 11:42:06 UTC] admin-settings.php loaded successfully.
[27-Mar-2025 11:42:06 UTC] Debugging is working!
[27-Mar-2025 11:42:24 UTC] admin-settings.php loaded successfully.
[27-Mar-2025 11:42:31 UTC] admin-settings.php loaded successfully.
[27-Mar-2025 11:43:11 UTC] admin-settings.php loaded successfully.
[27-Mar-2025 11:43:13 UTC] admin-settings.php loaded successfully.
[27-Mar-2025 11:43:13 UTC] site_settings_page function called!
[27-Mar-2025 11:43:53 UTC] admin-settings.php loaded successfully.
[27-Mar-2025 11:44:31 UTC] admin-settings.php loaded successfully.
[27-Mar-2025 11:44:53 UTC] admin-settings.php loaded successfully.
[27-Mar-2025 11:45:41 UTC] admin-settings.php loaded successfully.
[27-Mar-2025 11:46:14 UTC] admin-settings.php loaded successfully.
[27-Mar-2025 11:46:14 UTC] admin-settings.php loaded successfully.
[27-Mar-2025 11:47:14 UTC] admin-settings.php loaded successfully.
[27-Mar-2025 11:48:14 UTC] admin-settings.php loaded successfully.
[27-Mar-2025 11:49:58 UTC] admin-settings.php loaded successfully.
[27-Mar-2025 11:49:59 UTC] admin-settings.php loaded successfully.
[27-Mar-2025 11:50:02 UTC] admin-settings.php loaded successfully.
[27-Mar-2025 11:50:07 UTC] admin-settings.php loaded successfully.
[27-Mar-2025 11:50:10 UTC] admin-settings.php loaded successfully.
[27-Mar-2025 11:50:10 UTC] admin-settings.php loaded successfully.
[27-Mar-2025 11:51:11 UTC] admin-settings.php loaded successfully.
[27-Mar-2025 11:52:11 UTC] admin-settings.php loaded successfully.
[27-Mar-2025 11:52:12 UTC] admin-settings.php loaded successfully.
[27-Mar-2025 11:52:41 UTC] admin-settings.php loaded successfully.
[27-Mar-2025 11:54:11 UTC] admin-settings.php loaded successfully.
[27-Mar-2025 11:56:11 UTC] admin-settings.php loaded successfully.
[27-Mar-2025 11:58:11 UTC] admin-settings.php loaded successfully.
[27-Mar-2025 12:38:37 UTC] admin-settings.php loaded successfully.
[27-Mar-2025 15:41:44 UTC] admin-settings.php loaded successfully.
[27-Mar-2025 15:41:45 UTC] admin-settings.php loaded successfully.
[27-Mar-2025 15:41:46 UTC] Automatic updates starting...
[27-Mar-2025 15:41:48 UTC]   Automatic theme updates starting...
[27-Mar-2025 15:41:48 UTC]   Automatic theme updates complete.
[27-Mar-2025 15:41:48 UTC] Automatic updates complete.
[27-Mar-2025 15:42:00 UTC] admin-settings.php loaded successfully.
[27-Mar-2025 15:42:04 UTC] admin-settings.php loaded successfully.
[27-Mar-2025 15:42:12 UTC] admin-settings.php loaded successfully.
[27-Mar-2025 15:42:12 UTC] admin-settings.php loaded successfully.
[27-Mar-2025 15:42:17 UTC] admin-settings.php loaded successfully.
[27-Mar-2025 15:42:40 UTC] admin-settings.php loaded successfully.
[27-Mar-2025 15:42:40 UTC] admin-settings.php loaded successfully.
[27-Mar-2025 15:43:40 UTC] admin-settings.php loaded successfully.
[27-Mar-2025 15:44:40 UTC] admin-settings.php loaded successfully.
[27-Mar-2025 15:45:40 UTC] admin-settings.php loaded successfully.
[27-Mar-2025 15:46:41 UTC] admin-settings.php loaded successfully.
[27-Mar-2025 15:47:41 UTC] admin-settings.php loaded successfully.
[27-Mar-2025 15:48:06 UTC] admin-settings.php loaded successfully.
[27-Mar-2025 15:48:43 UTC] admin-settings.php loaded successfully.
[27-Mar-2025 15:49:05 UTC] admin-settings.php loaded successfully.
[27-Mar-2025 15:50:05 UTC] admin-settings.php loaded successfully.
[27-Mar-2025 15:50:23 UTC] admin-settings.php loaded successfully.
[27-Mar-2025 15:50:38 UTC] admin-settings.php loaded successfully.
[27-Mar-2025 15:50:38 UTC] admin-settings.php loaded successfully.
[27-Mar-2025 15:50:46 UTC] admin-settings.php loaded successfully.
[27-Mar-2025 15:50:46 UTC] admin-settings.php loaded successfully.
[27-Mar-2025 15:51:46 UTC] admin-settings.php loaded successfully.
[27-Mar-2025 15:51:47 UTC] admin-settings.php loaded successfully.
[27-Mar-2025 15:51:59 UTC] admin-settings.php loaded successfully.
[27-Mar-2025 15:51:59 UTC] admin-settings.php loaded successfully.
[27-Mar-2025 15:52:44 UTC] admin-settings.php loaded successfully.
[27-Mar-2025 15:52:44 UTC] admin-settings.php loaded successfully.
[27-Mar-2025 15:53:44 UTC] admin-settings.php loaded successfully.
[27-Mar-2025 15:55:45 UTC] admin-settings.php loaded successfully.
[27-Mar-2025 15:57:45 UTC] admin-settings.php loaded successfully.
[27-Mar-2025 15:58:03 UTC] admin-settings.php loaded successfully.
[27-Mar-2025 15:58:45 UTC] admin-settings.php loaded successfully.
[27-Mar-2025 15:58:59 UTC] admin-settings.php loaded successfully.
[27-Mar-2025 15:59:06 UTC] admin-settings.php loaded successfully.
[27-Mar-2025 15:59:45 UTC] admin-settings.php loaded successfully.
[27-Mar-2025 16:00:14 UTC] admin-settings.php loaded successfully.
[27-Mar-2025 16:00:45 UTC] admin-settings.php loaded successfully.
[27-Mar-2025 16:00:49 UTC] admin-settings.php loaded successfully.
[27-Mar-2025 16:01:45 UTC] admin-settings.php loaded successfully.
[27-Mar-2025 16:03:45 UTC] admin-settings.php loaded successfully.
[27-Mar-2025 16:03:56 UTC] admin-settings.php loaded successfully.
[27-Mar-2025 16:04:58 UTC] admin-settings.php loaded successfully.
[27-Mar-2025 16:04:59 UTC] admin-settings.php loaded successfully.
[27-Mar-2025 16:05:00 UTC] admin-settings.php loaded successfully.
[27-Mar-2025 16:05:58 UTC] admin-settings.php loaded successfully.
[27-Mar-2025 16:07:58 UTC] admin-settings.php loaded successfully.
[27-Mar-2025 16:08:36 UTC] admin-settings.php loaded successfully.
[27-Mar-2025 16:08:58 UTC] admin-settings.php loaded successfully.
[27-Mar-2025 16:09:21 UTC] admin-settings.php loaded successfully.
[27-Mar-2025 16:09:46 UTC] admin-settings.php loaded successfully.
[27-Mar-2025 16:10:03 UTC] admin-settings.php loaded successfully.
[27-Mar-2025 16:10:58 UTC] admin-settings.php loaded successfully.
[27-Mar-2025 16:11:26 UTC] admin-settings.php loaded successfully.
[27-Mar-2025 16:11:40 UTC] admin-settings.php loaded successfully.
[27-Mar-2025 16:11:59 UTC] admin-settings.php loaded successfully.
[27-Mar-2025 16:12:07 UTC] admin-settings.php loaded successfully.
[27-Mar-2025 16:12:07 UTC] admin-settings.php loaded successfully.
[27-Mar-2025 16:12:09 UTC] admin-settings.php loaded successfully.
[27-Mar-2025 16:12:30 UTC] admin-settings.php loaded successfully.
[27-Mar-2025 16:12:30 UTC] admin-settings.php loaded successfully.
[27-Mar-2025 16:12:39 UTC] admin-settings.php loaded successfully.
[27-Mar-2025 16:12:39 UTC] admin-settings.php loaded successfully.
[27-Mar-2025 16:12:42 UTC] admin-settings.php loaded successfully.
[27-Mar-2025 16:13:00 UTC] admin-settings.php loaded successfully.
[27-Mar-2025 16:13:21 UTC] admin-settings.php loaded successfully.
[27-Mar-2025 16:14:00 UTC] admin-settings.php loaded successfully.
[27-Mar-2025 16:14:18 UTC] admin-settings.php loaded successfully.
[27-Mar-2025 16:15:18 UTC] admin-settings.php loaded successfully.
[27-Mar-2025 16:16:18 UTC] admin-settings.php loaded successfully.
[27-Mar-2025 16:18:18 UTC] admin-settings.php loaded successfully.
[27-Mar-2025 16:20:18 UTC] admin-settings.php loaded successfully.
[27-Mar-2025 16:22:20 UTC] admin-settings.php loaded successfully.
[27-Mar-2025 16:23:15 UTC] admin-settings.php loaded successfully.
[27-Mar-2025 16:23:20 UTC] admin-settings.php loaded successfully.
[27-Mar-2025 16:25:21 UTC] admin-settings.php loaded successfully.
[27-Mar-2025 16:27:21 UTC] admin-settings.php loaded successfully.
[27-Mar-2025 16:28:30 UTC] admin-settings.php loaded successfully.
[27-Mar-2025 16:28:33 UTC] admin-settings.php loaded successfully.
[27-Mar-2025 16:28:33 UTC] admin-settings.php loaded successfully.
[27-Mar-2025 16:28:33 UTC] admin-settings.php loaded successfully.
[27-Mar-2025 16:28:42 UTC] admin-settings.php loaded successfully.
[27-Mar-2025 16:28:45 UTC] admin-settings.php loaded successfully.
[27-Mar-2025 16:28:45 UTC] admin-settings.php loaded successfully.
[27-Mar-2025 16:28:50 UTC] admin-settings.php loaded successfully.
[27-Mar-2025 16:29:02 UTC] admin-settings.php loaded successfully.
[27-Mar-2025 16:29:07 UTC] admin-settings.php loaded successfully.
[27-Mar-2025 16:29:09 UTC] PHP Deprecated:  Creation of dynamic property ACF::$fields is deprecated in /Users/viveksomasundaram/Desktop/my-projects/school-template/wp-content/plugins/advanced-custom-fields-pro/includes/fields.php on line 138
[27-Mar-2025 16:29:09 UTC] PHP Deprecated:  Creation of dynamic property acf_loop::$loops is deprecated in /Users/viveksomasundaram/Desktop/my-projects/school-template/wp-content/plugins/advanced-custom-fields-pro/includes/loop.php on line 28
[27-Mar-2025 16:29:09 UTC] PHP Deprecated:  Creation of dynamic property ACF::$loop is deprecated in /Users/viveksomasundaram/Desktop/my-projects/school-template/wp-content/plugins/advanced-custom-fields-pro/includes/loop.php on line 269
[27-Mar-2025 16:29:09 UTC] PHP Deprecated:  Creation of dynamic property ACF::$revisions is deprecated in /Users/viveksomasundaram/Desktop/my-projects/school-template/wp-content/plugins/advanced-custom-fields-pro/includes/revisions.php on line 397
[27-Mar-2025 16:29:09 UTC] PHP Deprecated:  Creation of dynamic property acf_validation::$errors is deprecated in /Users/viveksomasundaram/Desktop/my-projects/school-template/wp-content/plugins/advanced-custom-fields-pro/includes/validation.php on line 28
[27-Mar-2025 16:29:09 UTC] PHP Deprecated:  Creation of dynamic property ACF::$validation is deprecated in /Users/viveksomasundaram/Desktop/my-projects/school-template/wp-content/plugins/advanced-custom-fields-pro/includes/validation.php on line 214
[27-Mar-2025 16:29:09 UTC] PHP Deprecated:  Creation of dynamic property acf_form_customizer::$preview_values is deprecated in /Users/viveksomasundaram/Desktop/my-projects/school-template/wp-content/plugins/advanced-custom-fields-pro/includes/forms/form-customizer.php on line 28
[27-Mar-2025 16:29:09 UTC] PHP Deprecated:  Creation of dynamic property acf_form_customizer::$preview_fields is deprecated in /Users/viveksomasundaram/Desktop/my-projects/school-template/wp-content/plugins/advanced-custom-fields-pro/includes/forms/form-customizer.php on line 29
[27-Mar-2025 16:29:09 UTC] PHP Deprecated:  Creation of dynamic property acf_form_customizer::$preview_errors is deprecated in /Users/viveksomasundaram/Desktop/my-projects/school-template/wp-content/plugins/advanced-custom-fields-pro/includes/forms/form-customizer.php on line 30
[27-Mar-2025 16:29:09 UTC] PHP Deprecated:  Creation of dynamic property ACF::$form_front is deprecated in /Users/viveksomasundaram/Desktop/my-projects/school-template/wp-content/plugins/advanced-custom-fields-pro/includes/forms/form-front.php on line 598
[27-Mar-2025 16:29:09 UTC] PHP Deprecated:  Creation of dynamic property acf_form_widget::$preview_values is deprecated in /Users/viveksomasundaram/Desktop/my-projects/school-template/wp-content/plugins/advanced-custom-fields-pro/includes/forms/form-widget.php on line 34
[27-Mar-2025 16:29:09 UTC] PHP Deprecated:  Creation of dynamic property acf_form_widget::$preview_reference is deprecated in /Users/viveksomasundaram/Desktop/my-projects/school-template/wp-content/plugins/advanced-custom-fields-pro/includes/forms/form-widget.php on line 35
[27-Mar-2025 16:29:09 UTC] PHP Deprecated:  Creation of dynamic property acf_form_widget::$preview_errors is deprecated in /Users/viveksomasundaram/Desktop/my-projects/school-template/wp-content/plugins/advanced-custom-fields-pro/includes/forms/form-widget.php on line 36
[27-Mar-2025 16:29:09 UTC] PHP Deprecated:  Creation of dynamic property ACF::$admin_tools is deprecated in /Users/viveksomasundaram/Desktop/my-projects/school-template/wp-content/plugins/advanced-custom-fields-pro/includes/admin/admin-tools.php on line 282
[27-Mar-2025 16:29:09 UTC] PHP Deprecated:  Creation of dynamic property ACF::$fields is deprecated in /Users/viveksomasundaram/Desktop/my-projects/school-template/wp-content/plugins/advanced-custom-fields-pro/includes/fields.php on line 138
[27-Mar-2025 16:29:09 UTC] PHP Deprecated:  Creation of dynamic property acf_loop::$loops is deprecated in /Users/viveksomasundaram/Desktop/my-projects/school-template/wp-content/plugins/advanced-custom-fields-pro/includes/loop.php on line 28
[27-Mar-2025 16:29:09 UTC] PHP Deprecated:  Creation of dynamic property ACF::$loop is deprecated in /Users/viveksomasundaram/Desktop/my-projects/school-template/wp-content/plugins/advanced-custom-fields-pro/includes/loop.php on line 269
[27-Mar-2025 16:29:09 UTC] PHP Deprecated:  Creation of dynamic property ACF::$revisions is deprecated in /Users/viveksomasundaram/Desktop/my-projects/school-template/wp-content/plugins/advanced-custom-fields-pro/includes/revisions.php on line 397
[27-Mar-2025 16:29:09 UTC] PHP Deprecated:  Creation of dynamic property acf_validation::$errors is deprecated in /Users/viveksomasundaram/Desktop/my-projects/school-template/wp-content/plugins/advanced-custom-fields-pro/includes/validation.php on line 28
[27-Mar-2025 16:29:09 UTC] PHP Deprecated:  Creation of dynamic property ACF::$validation is deprecated in /Users/viveksomasundaram/Desktop/my-projects/school-template/wp-content/plugins/advanced-custom-fields-pro/includes/validation.php on line 214
[27-Mar-2025 16:29:09 UTC] PHP Deprecated:  Creation of dynamic property acf_form_customizer::$preview_values is deprecated in /Users/viveksomasundaram/Desktop/my-projects/school-template/wp-content/plugins/advanced-custom-fields-pro/includes/forms/form-customizer.php on line 28
[27-Mar-2025 16:29:09 UTC] PHP Deprecated:  Creation of dynamic property acf_form_customizer::$preview_fields is deprecated in /Users/viveksomasundaram/Desktop/my-projects/school-template/wp-content/plugins/advanced-custom-fields-pro/includes/forms/form-customizer.php on line 29
[27-Mar-2025 16:29:09 UTC] PHP Deprecated:  Creation of dynamic property acf_form_customizer::$preview_errors is deprecated in /Users/viveksomasundaram/Desktop/my-projects/school-template/wp-content/plugins/advanced-custom-fields-pro/includes/forms/form-customizer.php on line 30
[27-Mar-2025 16:29:09 UTC] PHP Deprecated:  Creation of dynamic property ACF::$form_front is deprecated in /Users/viveksomasundaram/Desktop/my-projects/school-template/wp-content/plugins/advanced-custom-fields-pro/includes/forms/form-front.php on line 598
[27-Mar-2025 16:29:09 UTC] PHP Deprecated:  Creation of dynamic property acf_form_widget::$preview_values is deprecated in /Users/viveksomasundaram/Desktop/my-projects/school-template/wp-content/plugins/advanced-custom-fields-pro/includes/forms/form-widget.php on line 34
[27-Mar-2025 16:29:09 UTC] PHP Deprecated:  Creation of dynamic property acf_form_widget::$preview_reference is deprecated in /Users/viveksomasundaram/Desktop/my-projects/school-template/wp-content/plugins/advanced-custom-fields-pro/includes/forms/form-widget.php on line 35
[27-Mar-2025 16:29:09 UTC] PHP Deprecated:  Creation of dynamic property acf_form_widget::$preview_errors is deprecated in /Users/viveksomasundaram/Desktop/my-projects/school-template/wp-content/plugins/advanced-custom-fields-pro/includes/forms/form-widget.php on line 36
[27-Mar-2025 16:29:09 UTC] PHP Deprecated:  Creation of dynamic property ACF::$admin_tools is deprecated in /Users/viveksomasundaram/Desktop/my-projects/school-template/wp-content/plugins/advanced-custom-fields-pro/includes/admin/admin-tools.php on line 282
[27-Mar-2025 16:29:09 UTC] admin-settings.php loaded successfully.
[27-Mar-2025 16:29:09 UTC] PHP Deprecated:  Creation of dynamic property acf_field_oembed::$width is deprecated in /Users/viveksomasundaram/Desktop/my-projects/school-template/wp-content/plugins/advanced-custom-fields-pro/includes/fields/class-acf-field-oembed.php on line 31
[27-Mar-2025 16:29:09 UTC] PHP Deprecated:  Creation of dynamic property acf_field_oembed::$height is deprecated in /Users/viveksomasundaram/Desktop/my-projects/school-template/wp-content/plugins/advanced-custom-fields-pro/includes/fields/class-acf-field-oembed.php on line 32
[27-Mar-2025 16:29:09 UTC] PHP Deprecated:  Creation of dynamic property acf_field_google_map::$default_values is deprecated in /Users/viveksomasundaram/Desktop/my-projects/school-template/wp-content/plugins/advanced-custom-fields-pro/includes/fields/class-acf-field-google-map.php on line 33
[27-Mar-2025 16:29:09 UTC] PHP Deprecated:  Creation of dynamic property acf_field__group::$have_rows is deprecated in /Users/viveksomasundaram/Desktop/my-projects/school-template/wp-content/plugins/advanced-custom-fields-pro/includes/fields/class-acf-field-group.php on line 31
[27-Mar-2025 16:29:09 UTC] PHP Deprecated:  Creation of dynamic property acf_field_clone::$cloning is deprecated in /Users/viveksomasundaram/Desktop/my-projects/school-template/wp-content/plugins/advanced-custom-fields-pro/pro/fields/class-acf-field-clone.php on line 34
[27-Mar-2025 16:29:09 UTC] PHP Deprecated:  Creation of dynamic property acf_field_clone::$have_rows is deprecated in /Users/viveksomasundaram/Desktop/my-projects/school-template/wp-content/plugins/advanced-custom-fields-pro/pro/fields/class-acf-field-clone.php on line 35
[27-Mar-2025 16:29:09 UTC] PHP Warning:  Cannot modify header information - headers already sent by (output started at /Users/viveksomasundaram/Desktop/my-projects/school-template/wp-content/plugins/advanced-custom-fields-pro/includes/fields/class-acf-field-oembed.php:32) in /Users/viveksomasundaram/Desktop/my-projects/school-template/wp-admin/includes/misc.php on line 1438
[27-Mar-2025 16:29:09 UTC] PHP Warning:  Cannot modify header information - headers already sent by (output started at /Users/viveksomasundaram/Desktop/my-projects/school-template/wp-content/plugins/advanced-custom-fields-pro/includes/fields/class-acf-field-oembed.php:32) in /Users/viveksomasundaram/Desktop/my-projects/school-template/wp-includes/functions.php on line 7137
[27-Mar-2025 16:29:09 UTC] PHP Warning:  Cannot modify header information - headers already sent by (output started at /Users/viveksomasundaram/Desktop/my-projects/school-template/wp-content/plugins/advanced-custom-fields-pro/includes/fields/class-acf-field-oembed.php:32) in /Users/viveksomasundaram/Desktop/my-projects/school-template/wp-admin/admin-header.php on line 9
[27-Mar-2025 16:29:17 UTC] PHP Deprecated:  Creation of dynamic property ACF::$fields is deprecated in /Users/viveksomasundaram/Desktop/my-projects/school-template/wp-content/plugins/advanced-custom-fields-pro/includes/fields.php on line 138
[27-Mar-2025 16:29:17 UTC] PHP Deprecated:  Creation of dynamic property acf_loop::$loops is deprecated in /Users/viveksomasundaram/Desktop/my-projects/school-template/wp-content/plugins/advanced-custom-fields-pro/includes/loop.php on line 28
[27-Mar-2025 16:29:17 UTC] PHP Deprecated:  Creation of dynamic property ACF::$loop is deprecated in /Users/viveksomasundaram/Desktop/my-projects/school-template/wp-content/plugins/advanced-custom-fields-pro/includes/loop.php on line 269
[27-Mar-2025 16:29:17 UTC] PHP Deprecated:  Creation of dynamic property ACF::$revisions is deprecated in /Users/viveksomasundaram/Desktop/my-projects/school-template/wp-content/plugins/advanced-custom-fields-pro/includes/revisions.php on line 397
[27-Mar-2025 16:29:17 UTC] PHP Deprecated:  Creation of dynamic property acf_validation::$errors is deprecated in /Users/viveksomasundaram/Desktop/my-projects/school-template/wp-content/plugins/advanced-custom-fields-pro/includes/validation.php on line 28
[27-Mar-2025 16:29:17 UTC] PHP Deprecated:  Creation of dynamic property ACF::$validation is deprecated in /Users/viveksomasundaram/Desktop/my-projects/school-template/wp-content/plugins/advanced-custom-fields-pro/includes/validation.php on line 214
[27-Mar-2025 16:29:17 UTC] PHP Deprecated:  Creation of dynamic property acf_form_customizer::$preview_values is deprecated in /Users/viveksomasundaram/Desktop/my-projects/school-template/wp-content/plugins/advanced-custom-fields-pro/includes/forms/form-customizer.php on line 28
[27-Mar-2025 16:29:17 UTC] PHP Deprecated:  Creation of dynamic property acf_form_customizer::$preview_fields is deprecated in /Users/viveksomasundaram/Desktop/my-projects/school-template/wp-content/plugins/advanced-custom-fields-pro/includes/forms/form-customizer.php on line 29
[27-Mar-2025 16:29:17 UTC] PHP Deprecated:  Creation of dynamic property acf_form_customizer::$preview_errors is deprecated in /Users/viveksomasundaram/Desktop/my-projects/school-template/wp-content/plugins/advanced-custom-fields-pro/includes/forms/form-customizer.php on line 30
[27-Mar-2025 16:29:17 UTC] PHP Deprecated:  Creation of dynamic property ACF::$form_front is deprecated in /Users/viveksomasundaram/Desktop/my-projects/school-template/wp-content/plugins/advanced-custom-fields-pro/includes/forms/form-front.php on line 598
[27-Mar-2025 16:29:17 UTC] PHP Deprecated:  Creation of dynamic property acf_form_widget::$preview_values is deprecated in /Users/viveksomasundaram/Desktop/my-projects/school-template/wp-content/plugins/advanced-custom-fields-pro/includes/forms/form-widget.php on line 34
[27-Mar-2025 16:29:17 UTC] PHP Deprecated:  Creation of dynamic property acf_form_widget::$preview_reference is deprecated in /Users/viveksomasundaram/Desktop/my-projects/school-template/wp-content/plugins/advanced-custom-fields-pro/includes/forms/form-widget.php on line 35
[27-Mar-2025 16:29:17 UTC] PHP Deprecated:  Creation of dynamic property acf_form_widget::$preview_errors is deprecated in /Users/viveksomasundaram/Desktop/my-projects/school-template/wp-content/plugins/advanced-custom-fields-pro/includes/forms/form-widget.php on line 36
[27-Mar-2025 16:29:17 UTC] PHP Deprecated:  Creation of dynamic property ACF::$admin_tools is deprecated in /Users/viveksomasundaram/Desktop/my-projects/school-template/wp-content/plugins/advanced-custom-fields-pro/includes/admin/admin-tools.php on line 282
[27-Mar-2025 16:29:17 UTC] admin-settings.php loaded successfully.
[27-Mar-2025 16:29:17 UTC] PHP Deprecated:  Creation of dynamic property acf_field_oembed::$width is deprecated in /Users/viveksomasundaram/Desktop/my-projects/school-template/wp-content/plugins/advanced-custom-fields-pro/includes/fields/class-acf-field-oembed.php on line 31
[27-Mar-2025 16:29:17 UTC] PHP Deprecated:  Creation of dynamic property acf_field_oembed::$height is deprecated in /Users/viveksomasundaram/Desktop/my-projects/school-template/wp-content/plugins/advanced-custom-fields-pro/includes/fields/class-acf-field-oembed.php on line 32
[27-Mar-2025 16:29:17 UTC] PHP Deprecated:  Creation of dynamic property acf_field_google_map::$default_values is deprecated in /Users/viveksomasundaram/Desktop/my-projects/school-template/wp-content/plugins/advanced-custom-fields-pro/includes/fields/class-acf-field-google-map.php on line 33
[27-Mar-2025 16:29:17 UTC] PHP Deprecated:  Creation of dynamic property acf_field__group::$have_rows is deprecated in /Users/viveksomasundaram/Desktop/my-projects/school-template/wp-content/plugins/advanced-custom-fields-pro/includes/fields/class-acf-field-group.php on line 31
[27-Mar-2025 16:29:17 UTC] PHP Deprecated:  Creation of dynamic property acf_field_clone::$cloning is deprecated in /Users/viveksomasundaram/Desktop/my-projects/school-template/wp-content/plugins/advanced-custom-fields-pro/pro/fields/class-acf-field-clone.php on line 34
[27-Mar-2025 16:29:17 UTC] PHP Deprecated:  Creation of dynamic property acf_field_clone::$have_rows is deprecated in /Users/viveksomasundaram/Desktop/my-projects/school-template/wp-content/plugins/advanced-custom-fields-pro/pro/fields/class-acf-field-clone.php on line 35
[27-Mar-2025 16:29:17 UTC] PHP Warning:  Cannot modify header information - headers already sent by (output started at /Users/viveksomasundaram/Desktop/my-projects/school-template/wp-content/plugins/advanced-custom-fields-pro/includes/fields/class-acf-field-oembed.php:32) in /Users/viveksomasundaram/Desktop/my-projects/school-template/wp-admin/includes/misc.php on line 1438
[27-Mar-2025 16:29:17 UTC] PHP Warning:  Cannot modify header information - headers already sent by (output started at /Users/viveksomasundaram/Desktop/my-projects/school-template/wp-content/plugins/advanced-custom-fields-pro/includes/fields/class-acf-field-oembed.php:32) in /Users/viveksomasundaram/Desktop/my-projects/school-template/wp-includes/functions.php on line 7137
[27-Mar-2025 16:29:17 UTC] PHP Warning:  Cannot modify header information - headers already sent by (output started at /Users/viveksomasundaram/Desktop/my-projects/school-template/wp-content/plugins/advanced-custom-fields-pro/includes/fields/class-acf-field-oembed.php:32) in /Users/viveksomasundaram/Desktop/my-projects/school-template/wp-admin/admin-header.php on line 9
[27-Mar-2025 16:29:17 UTC] PHP Deprecated:  Creation of dynamic property ACF::$fields is deprecated in /Users/viveksomasundaram/Desktop/my-projects/school-template/wp-content/plugins/advanced-custom-fields-pro/includes/fields.php on line 138
[27-Mar-2025 16:29:17 UTC] PHP Deprecated:  Creation of dynamic property acf_loop::$loops is deprecated in /Users/viveksomasundaram/Desktop/my-projects/school-template/wp-content/plugins/advanced-custom-fields-pro/includes/loop.php on line 28
[27-Mar-2025 16:29:17 UTC] PHP Deprecated:  Creation of dynamic property ACF::$loop is deprecated in /Users/viveksomasundaram/Desktop/my-projects/school-template/wp-content/plugins/advanced-custom-fields-pro/includes/loop.php on line 269
[27-Mar-2025 16:29:17 UTC] PHP Deprecated:  Creation of dynamic property ACF::$revisions is deprecated in /Users/viveksomasundaram/Desktop/my-projects/school-template/wp-content/plugins/advanced-custom-fields-pro/includes/revisions.php on line 397
[27-Mar-2025 16:29:17 UTC] PHP Deprecated:  Creation of dynamic property acf_validation::$errors is deprecated in /Users/viveksomasundaram/Desktop/my-projects/school-template/wp-content/plugins/advanced-custom-fields-pro/includes/validation.php on line 28
[27-Mar-2025 16:29:17 UTC] PHP Deprecated:  Creation of dynamic property ACF::$validation is deprecated in /Users/viveksomasundaram/Desktop/my-projects/school-template/wp-content/plugins/advanced-custom-fields-pro/includes/validation.php on line 214
[27-Mar-2025 16:29:17 UTC] PHP Deprecated:  Creation of dynamic property acf_form_customizer::$preview_values is deprecated in /Users/viveksomasundaram/Desktop/my-projects/school-template/wp-content/plugins/advanced-custom-fields-pro/includes/forms/form-customizer.php on line 28
[27-Mar-2025 16:29:17 UTC] PHP Deprecated:  Creation of dynamic property acf_form_customizer::$preview_fields is deprecated in /Users/viveksomasundaram/Desktop/my-projects/school-template/wp-content/plugins/advanced-custom-fields-pro/includes/forms/form-customizer.php on line 29
[27-Mar-2025 16:29:17 UTC] PHP Deprecated:  Creation of dynamic property acf_form_customizer::$preview_errors is deprecated in /Users/viveksomasundaram/Desktop/my-projects/school-template/wp-content/plugins/advanced-custom-fields-pro/includes/forms/form-customizer.php on line 30
[27-Mar-2025 16:29:17 UTC] PHP Deprecated:  Creation of dynamic property ACF::$form_front is deprecated in /Users/viveksomasundaram/Desktop/my-projects/school-template/wp-content/plugins/advanced-custom-fields-pro/includes/forms/form-front.php on line 598
[27-Mar-2025 16:29:17 UTC] PHP Deprecated:  Creation of dynamic property acf_form_widget::$preview_values is deprecated in /Users/viveksomasundaram/Desktop/my-projects/school-template/wp-content/plugins/advanced-custom-fields-pro/includes/forms/form-widget.php on line 34
[27-Mar-2025 16:29:17 UTC] PHP Deprecated:  Creation of dynamic property acf_form_widget::$preview_reference is deprecated in /Users/viveksomasundaram/Desktop/my-projects/school-template/wp-content/plugins/advanced-custom-fields-pro/includes/forms/form-widget.php on line 35
[27-Mar-2025 16:29:17 UTC] PHP Deprecated:  Creation of dynamic property acf_form_widget::$preview_errors is deprecated in /Users/viveksomasundaram/Desktop/my-projects/school-template/wp-content/plugins/advanced-custom-fields-pro/includes/forms/form-widget.php on line 36
[27-Mar-2025 16:29:17 UTC] admin-settings.php loaded successfully.
[27-Mar-2025 16:29:17 UTC] PHP Deprecated:  Creation of dynamic property acf_field_oembed::$width is deprecated in /Users/viveksomasundaram/Desktop/my-projects/school-template/wp-content/plugins/advanced-custom-fields-pro/includes/fields/class-acf-field-oembed.php on line 31
[27-Mar-2025 16:29:17 UTC] PHP Deprecated:  Creation of dynamic property acf_field_oembed::$height is deprecated in /Users/viveksomasundaram/Desktop/my-projects/school-template/wp-content/plugins/advanced-custom-fields-pro/includes/fields/class-acf-field-oembed.php on line 32
[27-Mar-2025 16:29:17 UTC] PHP Deprecated:  Creation of dynamic property acf_field_google_map::$default_values is deprecated in /Users/viveksomasundaram/Desktop/my-projects/school-template/wp-content/plugins/advanced-custom-fields-pro/includes/fields/class-acf-field-google-map.php on line 33
[27-Mar-2025 16:29:17 UTC] PHP Deprecated:  Creation of dynamic property acf_field__group::$have_rows is deprecated in /Users/viveksomasundaram/Desktop/my-projects/school-template/wp-content/plugins/advanced-custom-fields-pro/includes/fields/class-acf-field-group.php on line 31
[27-Mar-2025 16:29:17 UTC] PHP Deprecated:  Creation of dynamic property acf_field_clone::$cloning is deprecated in /Users/viveksomasundaram/Desktop/my-projects/school-template/wp-content/plugins/advanced-custom-fields-pro/pro/fields/class-acf-field-clone.php on line 34
[27-Mar-2025 16:29:17 UTC] PHP Deprecated:  Creation of dynamic property acf_field_clone::$have_rows is deprecated in /Users/viveksomasundaram/Desktop/my-projects/school-template/wp-content/plugins/advanced-custom-fields-pro/pro/fields/class-acf-field-clone.php on line 35
[27-Mar-2025 16:29:17 UTC] PHP Warning:  Cannot modify header information - headers already sent by (output started at /Users/viveksomasundaram/Desktop/my-projects/school-template/wp-content/plugins/advanced-custom-fields-pro/includes/fields/class-acf-field-google-map.php:33) in /Users/viveksomasundaram/Desktop/my-projects/school-template/wp-includes/pluggable.php on line 1435
[27-Mar-2025 16:29:17 UTC] PHP Warning:  Cannot modify header information - headers already sent by (output started at /Users/viveksomasundaram/Desktop/my-projects/school-template/wp-content/plugins/advanced-custom-fields-pro/includes/fields/class-acf-field-google-map.php:33) in /Users/viveksomasundaram/Desktop/my-projects/school-template/wp-includes/pluggable.php on line 1438
[27-Mar-2025 16:29:21 UTC] PHP Deprecated:  Creation of dynamic property ACF::$fields is deprecated in /Users/viveksomasundaram/Desktop/my-projects/school-template/wp-content/plugins/advanced-custom-fields-pro/includes/fields.php on line 138
[27-Mar-2025 16:29:21 UTC] PHP Deprecated:  Creation of dynamic property acf_loop::$loops is deprecated in /Users/viveksomasundaram/Desktop/my-projects/school-template/wp-content/plugins/advanced-custom-fields-pro/includes/loop.php on line 28
[27-Mar-2025 16:29:21 UTC] PHP Deprecated:  Creation of dynamic property ACF::$loop is deprecated in /Users/viveksomasundaram/Desktop/my-projects/school-template/wp-content/plugins/advanced-custom-fields-pro/includes/loop.php on line 269
[27-Mar-2025 16:29:21 UTC] PHP Deprecated:  Creation of dynamic property ACF::$revisions is deprecated in /Users/viveksomasundaram/Desktop/my-projects/school-template/wp-content/plugins/advanced-custom-fields-pro/includes/revisions.php on line 397
[27-Mar-2025 16:29:21 UTC] PHP Deprecated:  Creation of dynamic property acf_validation::$errors is deprecated in /Users/viveksomasundaram/Desktop/my-projects/school-template/wp-content/plugins/advanced-custom-fields-pro/includes/validation.php on line 28
[27-Mar-2025 16:29:21 UTC] PHP Deprecated:  Creation of dynamic property ACF::$validation is deprecated in /Users/viveksomasundaram/Desktop/my-projects/school-template/wp-content/plugins/advanced-custom-fields-pro/includes/validation.php on line 214
[27-Mar-2025 16:29:21 UTC] PHP Deprecated:  Creation of dynamic property acf_form_customizer::$preview_values is deprecated in /Users/viveksomasundaram/Desktop/my-projects/school-template/wp-content/plugins/advanced-custom-fields-pro/includes/forms/form-customizer.php on line 28
[27-Mar-2025 16:29:21 UTC] PHP Deprecated:  Creation of dynamic property acf_form_customizer::$preview_fields is deprecated in /Users/viveksomasundaram/Desktop/my-projects/school-template/wp-content/plugins/advanced-custom-fields-pro/includes/forms/form-customizer.php on line 29
[27-Mar-2025 16:29:21 UTC] PHP Deprecated:  Creation of dynamic property acf_form_customizer::$preview_errors is deprecated in /Users/viveksomasundaram/Desktop/my-projects/school-template/wp-content/plugins/advanced-custom-fields-pro/includes/forms/form-customizer.php on line 30
[27-Mar-2025 16:29:21 UTC] PHP Deprecated:  Creation of dynamic property ACF::$form_front is deprecated in /Users/viveksomasundaram/Desktop/my-projects/school-template/wp-content/plugins/advanced-custom-fields-pro/includes/forms/form-front.php on line 598
[27-Mar-2025 16:29:21 UTC] PHP Deprecated:  Creation of dynamic property acf_form_widget::$preview_values is deprecated in /Users/viveksomasundaram/Desktop/my-projects/school-template/wp-content/plugins/advanced-custom-fields-pro/includes/forms/form-widget.php on line 34
[27-Mar-2025 16:29:21 UTC] PHP Deprecated:  Creation of dynamic property acf_form_widget::$preview_reference is deprecated in /Users/viveksomasundaram/Desktop/my-projects/school-template/wp-content/plugins/advanced-custom-fields-pro/includes/forms/form-widget.php on line 35
[27-Mar-2025 16:29:21 UTC] PHP Deprecated:  Creation of dynamic property acf_form_widget::$preview_errors is deprecated in /Users/viveksomasundaram/Desktop/my-projects/school-template/wp-content/plugins/advanced-custom-fields-pro/includes/forms/form-widget.php on line 36
[27-Mar-2025 16:29:21 UTC] PHP Deprecated:  Creation of dynamic property ACF::$admin_tools is deprecated in /Users/viveksomasundaram/Desktop/my-projects/school-template/wp-content/plugins/advanced-custom-fields-pro/includes/admin/admin-tools.php on line 282
[27-Mar-2025 16:29:21 UTC] admin-settings.php loaded successfully.
[27-Mar-2025 16:29:21 UTC] PHP Deprecated:  Creation of dynamic property acf_field_oembed::$width is deprecated in /Users/viveksomasundaram/Desktop/my-projects/school-template/wp-content/plugins/advanced-custom-fields-pro/includes/fields/class-acf-field-oembed.php on line 31
[27-Mar-2025 16:29:21 UTC] PHP Deprecated:  Creation of dynamic property acf_field_oembed::$height is deprecated in /Users/viveksomasundaram/Desktop/my-projects/school-template/wp-content/plugins/advanced-custom-fields-pro/includes/fields/class-acf-field-oembed.php on line 32
[27-Mar-2025 16:29:21 UTC] PHP Deprecated:  Creation of dynamic property acf_field_google_map::$default_values is deprecated in /Users/viveksomasundaram/Desktop/my-projects/school-template/wp-content/plugins/advanced-custom-fields-pro/includes/fields/class-acf-field-google-map.php on line 33
[27-Mar-2025 16:29:21 UTC] PHP Deprecated:  Creation of dynamic property acf_field__group::$have_rows is deprecated in /Users/viveksomasundaram/Desktop/my-projects/school-template/wp-content/plugins/advanced-custom-fields-pro/includes/fields/class-acf-field-group.php on line 31
[27-Mar-2025 16:29:21 UTC] PHP Deprecated:  Creation of dynamic property acf_field_clone::$cloning is deprecated in /Users/viveksomasundaram/Desktop/my-projects/school-template/wp-content/plugins/advanced-custom-fields-pro/pro/fields/class-acf-field-clone.php on line 34
[27-Mar-2025 16:29:21 UTC] PHP Deprecated:  Creation of dynamic property acf_field_clone::$have_rows is deprecated in /Users/viveksomasundaram/Desktop/my-projects/school-template/wp-content/plugins/advanced-custom-fields-pro/pro/fields/class-acf-field-clone.php on line 35
